<?xml version="1.0" encoding="UTF-8"?>
<!-- Generated by org.testng.reporters.JUnitReportReporter -->
<testsuite hostname="PattepuBhaskar" failures="0" tests="4" name="TestCasess.TC001" time="17.895" errors="0" timestamp="2025-09-13T01:38:12 IST" skipped="0">
  <testcase classname="TestCasess.TC001" name="verify_loginDDT" time="4.469"/>
  <testcase classname="TestCasess.TC001" name="verify_loginDDT" time="4.022"/>
  <testcase classname="TestCasess.TC001" name="verify_loginDDT" time="5.465"/>
  <testcase classname="TestCasess.TC001" name="verify_loginDDT" time="3.939"/>
</testsuite> <!-- TestCasess.TC001 -->
